This is pdfTeX, Version 3.1415926-2.3-1.40.12 (MiKTeX 2.9 64-bit) (preloaded format=pdflatex 2012.6.4)  17 MAR 2014 19:46
entering extended mode
**D:/Dropbox/Dropbox/pg/seminar*paper/opc_ua.tex
("D:/Dropbox/Dropbox/pg/seminar paper/opc_ua.tex"
LaTeX2e <2011/06/27>
Babel <v3.8m> and hyphenation patterns for english, afrikaans, ancientgreek, ar
abic, armenian, assamese, basque, bengali, bokmal, bulgarian, catalan, coptic, 
croatian, czech, danish, dutch, esperanto, estonian, farsi, finnish, french, ga
lician, german, german-x-2009-06-19, greek, gujarati, hindi, hungarian, iceland
ic, indonesian, interlingua, irish, italian, kannada, kurmanji, lao, latin, lat
vian, lithuanian, malayalam, marathi, mongolian, mongolianlmc, monogreek, ngerm
an, ngerman-x-2009-06-19, nynorsk, oriya, panjabi, pinyin, polish, portuguese, 
romanian, russian, sanskrit, serbian, slovak, slovenian, spanish, swedish, swis
sgerman, tamil, telugu, turkish, turkmen, ukenglish, ukrainian, uppersorbian, u
senglishmax, welsh, loaded.
("D:\Dropbox\Dropbox\pg\seminar paper\llncs.cls"
Document Class: llncs 2010/07/12 v2.17 
 LaTeX document class for Lecture Notes in Computer Science
("C:\Program Files\MiKTeX 2.9\tex\latex\base\article.cls"
Document Class: article 2007/10/19 v1.4h Standard LaTeX document class
("C:\Program Files\MiKTeX 2.9\tex\latex\base\size10.clo"
File: size10.clo 2007/10/19 v1.4h Standard LaTeX file (size option)
)
\c@part=\count79
\c@section=\count80
\c@subsection=\count81
\c@subsubsection=\count82
\c@paragraph=\count83
\c@subparagraph=\count84
\c@figure=\count85
\c@table=\count86
\abovecaptionskip=\skip41
\belowcaptionskip=\skip42
\bibindent=\dimen102
)
("C:\Program Files\MiKTeX 2.9\tex\latex\tools\multicol.sty"
Package: multicol 2011/06/27 v1.7a multicolumn formatting (FMi)
\c@tracingmulticols=\count87
\mult@box=\box26
\multicol@leftmargin=\dimen103
\c@unbalance=\count88
\c@collectmore=\count89
\doublecol@number=\count90
\multicoltolerance=\count91
\multicolpretolerance=\count92
\full@width=\dimen104
\page@free=\dimen105
\premulticols=\dimen106
\postmulticols=\dimen107
\multicolsep=\skip43
\multicolbaselineskip=\skip44
\partial@page=\box27
\last@line=\box28
\mult@rightbox=\box29
\mult@grightbox=\box30
\mult@gfirstbox=\box31
\mult@firstbox=\box32
\@tempa=\box33
\@tempa=\box34
\@tempa=\box35
\@tempa=\box36
\@tempa=\box37
\@tempa=\box38
\@tempa=\box39
\@tempa=\box40
\@tempa=\box41
\@tempa=\box42
\@tempa=\box43
\@tempa=\box44
\@tempa=\box45
\@tempa=\box46
\@tempa=\box47
\@tempa=\box48
\@tempa=\box49
\c@columnbadness=\count93
\c@finalcolumnbadness=\count94
\last@try=\dimen108
\multicolovershoot=\dimen109
\multicolundershoot=\dimen110
\mult@nat@firstbox=\box50
\colbreak@box=\box51
\multicol@sort@counter=\count95
)
("D:\Dropbox\Dropbox\pg\seminar paper\aliascnt.sty"
Package: aliascnt 2009/09/08 v1.3 Alias counter (HO)

("D:\Dropbox\Dropbox\pg\seminar paper\remreset.sty"))
\c@chapter=\count96
LaTeX Font Info:    Redeclaring math symbol \Gamma on input line 362.
LaTeX Font Info:    Redeclaring math symbol \Delta on input line 363.
LaTeX Font Info:    Redeclaring math symbol \Theta on input line 364.
LaTeX Font Info:    Redeclaring math symbol \Lambda on input line 365.
LaTeX Font Info:    Redeclaring math symbol \Xi on input line 366.
LaTeX Font Info:    Redeclaring math symbol \Pi on input line 367.
LaTeX Font Info:    Redeclaring math symbol \Sigma on input line 368.
LaTeX Font Info:    Redeclaring math symbol \Upsilon on input line 369.
LaTeX Font Info:    Redeclaring math symbol \Phi on input line 370.
LaTeX Font Info:    Redeclaring math symbol \Psi on input line 371.
LaTeX Font Info:    Redeclaring math symbol \Omega on input line 372.
\tocchpnum=\dimen111
\tocsecnum=\dimen112
\tocsectotal=\dimen113
\tocsubsecnum=\dimen114
\tocsubsectotal=\dimen115
\tocsubsubsecnum=\dimen116
\tocsubsubsectotal=\dimen117
\tocparanum=\dimen118
\tocparatotal=\dimen119
\tocsubparanum=\dimen120
\@tempcntc=\count97
\fnindent=\dimen121
\c@@inst=\count98
\c@@auth=\count99
\c@auco=\count100
\instindent=\dimen122
\authrun=\box52
\authorrunning=\toks14
\tocauthor=\toks15
\titrun=\box53
\titlerunning=\toks16
\toctitle=\toks17
\c@theorem=\count101
\c@case=\count102
\c@conjecture=\count103
\c@corollary=\count104
\c@definition=\count105
\c@example=\count106
\c@exercise=\count107
\c@lemma=\count108
\c@note=\count109
\c@problem=\count110
\c@property=\count111
\c@proposition=\count112
\c@question=\count113
\c@solution=\count114
\c@remark=\count115
\headlineindent=\dimen123
)
("C:\Program Files\MiKTeX 2.9\tex\latex\graphics\graphicx.sty"
Package: graphicx 1999/02/16 v1.0f Enhanced LaTeX Graphics (DPC,SPQR)

("C:\Program Files\MiKTeX 2.9\tex\latex\graphics\keyval.sty"
Package: keyval 1999/03/16 v1.13 key=value parser (DPC)
\KV@toks@=\toks18
)
("C:\Program Files\MiKTeX 2.9\tex\latex\graphics\graphics.sty"
Package: graphics 2009/02/05 v1.0o Standard LaTeX Graphics (DPC,SPQR)

("C:\Program Files\MiKTeX 2.9\tex\latex\graphics\trig.sty"
Package: trig 1999/03/16 v1.09 sin cos tan (DPC)
)
("C:\Program Files\MiKTeX 2.9\tex\latex\00miktex\graphics.cfg"
File: graphics.cfg 2007/01/18 v1.5 graphics configuration of teTeX/TeXLive
)
Package graphics Info: Driver file: pdftex.def on input line 91.

("C:\Program Files\MiKTeX 2.9\tex\latex\pdftex-def\pdftex.def"
File: pdftex.def 2011/05/27 v0.06d Graphics/color for pdfTeX

("C:\Program Files\MiKTeX 2.9\tex\generic\oberdiek\infwarerr.sty"
Package: infwarerr 2010/04/08 v1.3 Providing info/warning/error messages (HO)
)
("C:\Program Files\MiKTeX 2.9\tex\generic\oberdiek\ltxcmds.sty"
Package: ltxcmds 2011/11/09 v1.22 LaTeX kernel commands for general use (HO)
)
\Gread@gobject=\count116
))
\Gin@req@height=\dimen124
\Gin@req@width=\dimen125
)
("C:\Program Files\MiKTeX 2.9\tex\latex\float\float.sty"
Package: float 2001/11/08 v1.3d Float enhancements (AL)
\c@float@type=\count117
\float@exts=\toks19
\float@box=\box54
\@float@everytoks=\toks20
\@floatcapt=\box55
)
("C:\Program Files\MiKTeX 2.9\tex\latex\ltxmisc\url.sty"
\Urlmuskip=\muskip10
Package: url 2006/04/12  ver 3.3  Verb mode for urls, etc.
)
("C:\Program Files\MiKTeX 2.9\tex\latex\fancyhdr\fancyhdr.sty"
\fancy@headwidth=\skip45
\f@ncyO@elh=\skip46
\f@ncyO@erh=\skip47
\f@ncyO@olh=\skip48
\f@ncyO@orh=\skip49
\f@ncyO@elf=\skip50
\f@ncyO@erf=\skip51
\f@ncyO@olf=\skip52
\f@ncyO@orf=\skip53
)
("C:\Program Files\MiKTeX 2.9\tex\latex\filecontents\filecontents.sty"
Package: filecontents 2011/10/08 v1.3 Create an external file from within a LaT
eX document
)
("D:\Dropbox\Dropbox\pg\seminar paper\opc_ua.aux")
LaTeX Font Info:    Checking defaults for OML/cmm/m/it on input line 18.
LaTeX Font Info:    ... okay on input line 18.
LaTeX Font Info:    Checking defaults for T1/cmr/m/n on input line 18.
LaTeX Font Info:    ... okay on input line 18.
LaTeX Font Info:    Checking defaults for OT1/cmr/m/n on input line 18.
LaTeX Font Info:    ... okay on input line 18.
LaTeX Font Info:    Checking defaults for OMS/cmsy/m/n on input line 18.
LaTeX Font Info:    ... okay on input line 18.
LaTeX Font Info:    Checking defaults for OMX/cmex/m/n on input line 18.
LaTeX Font Info:    ... okay on input line 18.
LaTeX Font Info:    Checking defaults for U/cmr/m/n on input line 18.
LaTeX Font Info:    ... okay on input line 18.

("C:\Program Files\MiKTeX 2.9\tex\context\base\supp-pdf.mkii"
[Loading MPS to PDF converter (version 2006.09.02).]
\scratchcounter=\count118
\scratchdimen=\dimen126
\scratchbox=\box56
\nofMPsegments=\count119
\nofMParguments=\count120
\everyMPshowfont=\toks21
\MPscratchCnt=\count121
\MPscratchDim=\dimen127
\MPnumerator=\count122
\makeMPintoPDFobject=\count123
\everyMPtoPDFconversion=\toks22
)
LaTeX Font Info:    External font `cmex10' loaded for size
(Font)              <7> on input line 23.
LaTeX Font Info:    External font `cmex10' loaded for size
(Font)              <5> on input line 23.
Missing character: There is no â in font cmr10!
Missing character: There is no € in font cmr10!
Missing character: There is no ™ in font cmr10!

Overfull \hbox (24.3205pt too wide) in paragraph at lines 36--38
\OT1/cmr/m/n/10 Most of all, OPC is win-dows plat-form de-pen-dent and based on
 Mi-crosoft COM/DCOM
 []


Overfull \hbox (6.29271pt too wide) in paragraph at lines 36--38
\OT1/cmr/m/n/10 with plat-form in-de-pen-dent Web Ser-vices. More-over al-thoug
h COM/DCOM should
 []

[1

{C:/ProgramData/MiKTeX/2.9/pdftex/config/pdftex.map}]
<cs.jpg, id=10, 538.26094pt x 170.13562pt>
File: cs.jpg Graphic file (type jpg)
 <use cs.jpg>
Package pdftex.def Info: cs.jpg used on input line 61.
(pdftex.def)             Requested size: 347.12354pt x 109.71974pt.
Missing character: There is no â in font cmr10!
Missing character: There is no € in font cmr10!
Missing character: There is no ™ in font cmr10!

<client.jpg, id=11, 508.90125pt x 231.86626pt>
File: client.jpg Graphic file (type jpg)
 <use client.jpg>
Package pdftex.def Info: client.jpg used on input line 69.
(pdftex.def)             Requested size: 381.838pt x 173.98062pt.

Overfull \hbox (34.71446pt too wide) in paragraph at lines 69--70
 [][] 
 []

<server.jpg, id=12, 536.0025pt x 424.58624pt>
File: server.jpg Graphic file (type jpg)
 <use server.jpg>
Package pdftex.def Info: server.jpg used on input line 78.
(pdftex.def)             Requested size: 347.12354pt x 274.96712pt.
 [2] [3 <D:/Dropbox/Dropbox/pg/seminar paper/cs.jpg> <D:/Dropbox/Dropbox/pg/sem
inar paper/client.jpg>] <opc_ua_cs_comm.jpg, id=20, 485.56406pt x 263.48438pt>
File: opc_ua_cs_comm.jpg Graphic file (type jpg)

<use opc_ua_cs_comm.jpg>
Package pdftex.def Info: opc_ua_cs_comm.jpg used on input line 89.
(pdftex.def)             Requested size: 381.838pt x 207.19751pt.

Overfull \hbox (34.71446pt too wide) in paragraph at lines 89--90
 [][] 
 []

[4 <D:/Dropbox/Dropbox/pg/seminar paper/server.jpg>]
<opc_ua_shs.jpg, id=24, 551.81157pt x 389.95688pt>
File: opc_ua_shs.jpg Graphic file (type jpg)
 <use opc_ua_shs.jpg>
Package pdftex.def Info: opc_ua_shs.jpg used on input line 99.
(pdftex.def)             Requested size: 347.12354pt x 245.31711pt.

<opc_ua_commstack.jpg, id=25, 536.75531pt x 387.69844pt>
File: opc_ua_commstack.jpg Graphic file (type jpg)

<use opc_ua_commstack.jpg>
Package pdftex.def Info: opc_ua_commstack.jpg used on input line 107.
(pdftex.def)             Requested size: 347.12354pt x 250.7291pt.
 [5 <D:/Dropbox/Dropbox/pg/seminar paper/opc_ua_cs_comm.jpg>] [6 <D:/Dropbox/Dr
opbox/pg/seminar paper/opc_ua_shs.jpg>]
<opc_ua_messchunk.jpg, id=33, 514.92375pt x 367.3725pt>
File: opc_ua_messchunk.jpg Graphic file (type jpg)

<use opc_ua_messchunk.jpg>
Package pdftex.def Info: opc_ua_messchunk.jpg used on input line 119.
(pdftex.def)             Requested size: 260.34265pt x 185.74306pt.
 <tcp_1.jpg, id=34, 558.58687pt x 275.52937pt>
File: tcp_1.jpg Graphic file (type jpg)

<use tcp_1.jpg>
Package pdftex.def Info: tcp_1.jpg used on input line 126.
(pdftex.def)             Requested size: 347.12354pt x 171.22583pt.
 <tcp_2.jpg, id=35, 529.98pt x 213.79875pt>
File: tcp_2.jpg Graphic file (type jpg)
 <use tcp_2.jpg>
Package pdftex.def Info: tcp_2.jpg used on input line 134.
(pdftex.def)             Requested size: 347.12354pt x 140.0343pt.

Overfull \hbox (4.76013pt too wide) in paragraph at lines 131--138
 \OT1/cmr/bx/n/10 Es-tab-lish-ment of com-mu-ni-ca-tion chan-nel[] \OT1/cmr/m/n
/10 As the first step to cre-ate TCP/IP
 []

[7 <D:/Dropbox/Dropbox/pg/seminar paper/opc_ua_commstack.jpg>]
<tcp_3.jpg, id=40, 599.99156pt x 404.26031pt>
File: tcp_3.jpg Graphic file (type jpg)
 <use tcp_3.jpg>
Package pdftex.def Info: tcp_3.jpg used on input line 142.
(pdftex.def)             Requested size: 347.12354pt x 233.8913pt.
 [8 <D:/Dropbox/Dropbox/pg/seminar paper/opc_ua_messchunk.jpg> <D:/Dropbox/Drop
box/pg/seminar paper/tcp_1.jpg>] [9 <D:/Dropbox/Dropbox/pg/seminar paper/tcp_2.
jpg>]
<SmartHome.pdf, id=47, 508.90125pt x 232.87pt>
File: SmartHome.pdf Graphic file (type pdf)
 <use SmartHome.pdf>
Package pdftex.def Info: SmartHome.pdf used on input line 168.
(pdftex.def)             Requested size: 416.54718pt x 190.61705pt.

Overfull \hbox (69.42365pt too wide) in paragraph at lines 168--169
 [][] 
 []

[10 <D:/Dropbox/Dropbox/pg/seminar paper/tcp_3.jpg>]
<softwareStructure.pdf, id=51, 250.9375pt x 208.78pt>
File: softwareStructure.pdf Graphic file (type pdf)

<use softwareStructure.pdf>
Package pdftex.def Info: softwareStructure.pdf used on input line 179.
(pdftex.def)             Requested size: 347.12354pt x 288.83983pt.
LaTeX Font Info:    External font `cmex10' loaded for size
(Font)              <9> on input line 184.
LaTeX Font Info:    External font `cmex10' loaded for size
(Font)              <6> on input line 184.

Underfull \vbox (badness 7238) has occurred while \output is active []

 [11 <D:/Dropbox/Dropbox/pg/seminar paper/SmartHome.pdf>] [12 <D:/Dropbox/Dropb
ox/pg/seminar paper/softwareStructure.pdf>]
<clientStructure.pdf, id=66, 493.845pt x 387.4475pt>
File: clientStructure.pdf Graphic file (type pdf)
 <use clientStructure.pdf>
Package pdftex.def Info: clientStructure.pdf used on input line 204.
(pdftex.def)             Requested size: 347.12354pt x 272.33467pt.

<apsd.jpg, id=67, 563.85657pt x 532.23843pt>
File: apsd.jpg Graphic file (type jpg)
 <use apsd.jpg>
Package pdftex.def Info: apsd.jpg used on input line 212.
(pdftex.def)             Requested size: 416.54718pt x 393.19244pt.

Overfull \hbox (69.42365pt too wide) in paragraph at lines 212--213
 [][] 
 []


Underfull \vbox (badness 10000) has occurred while \output is active []

 [13 <D:/Dropbox/Dropbox/pg/seminar paper/clientStructure.pdf>]
Underfull \vbox (badness 10000) has occurred while \output is active []

 [14 <D:/Dropbox/Dropbox/pg/seminar paper/apsd.jpg>]
<serverStructure.pdf, id=78, 461.725pt x 387.4475pt>
File: serverStructure.pdf Graphic file (type pdf)
 <use serverStructure.pdf>
Package pdftex.def Info: serverStructure.pdf used on input line 222.
(pdftex.def)             Requested size: 347.12354pt x 291.28252pt.

Underfull \vbox (badness 2418) has occurred while \output is active []

 [15 <D:/Dropbox/Dropbox/pg/seminar paper/serverStructure.pdf>]
("D:\Dropbox\Dropbox\pg\seminar paper\opc_ua.bbl"
Underfull \hbox (badness 5924) in paragraph at lines 53--57
[]\OT1/cmr/m/n/9 Wikipedia con-trib-u-tors:  Con-strained Ap-pli-ca-tion Pro-to
-col.  $\OT1/cmtt/m/n/9 http : / /$
 []

Missing character: There is no â in font cmr9!
Missing character: There is no € in font cmr9!
Missing character: There is no “ in font cmr9!
) [16] ("D:\Dropbox\Dropbox\pg\seminar paper\opc_ua.aux") ) 
Here is how much of TeX's memory you used:
 1893 strings out of 494045
 24365 string characters out of 3148394
 85730 words of memory out of 3000000
 5180 multiletter control sequences out of 15000+200000
 7802 words of font info for 28 fonts, out of 3000000 for 9000
 715 hyphenation exceptions out of 8191
 29i,11n,43p,1306b,283s stack positions out of 5000i,500n,10000p,200000b,50000s
<C:/Program Files/Mi
KTeX 2.9/fonts/type1/public/amsfonts/cm/cmbx10.pfb><C:/Program Files/MiKTeX 2.9
/fonts/type1/public/amsfonts/cm/cmbx12.pfb><C:/Program Files/MiKTeX 2.9/fonts/t
ype1/public/amsfonts/cm/cmbx9.pfb><C:/Program Files/MiKTeX 2.9/fonts/type1/publ
ic/amsfonts/cm/cmr10.pfb><C:/Program Files/MiKTeX 2.9/fonts/type1/public/amsfon
ts/cm/cmr6.pfb><C:/Program Files/MiKTeX 2.9/fonts/type1/public/amsfonts/cm/cmr7
.pfb><C:/Program Files/MiKTeX 2.9/fonts/type1/public/amsfonts/cm/cmr9.pfb><C:/P
rogram Files/MiKTeX 2.9/fonts/type1/public/amsfonts/cm/cmti10.pfb><C:/Program F
iles/MiKTeX 2.9/fonts/type1/public/amsfonts/cm/cmtt9.pfb>
Output written on opc_ua.pdf (16 pages, 929878 bytes).
PDF statistics:
 117 PDF objects out of 1000 (max. 8388607)
 0 named destinations out of 1000 (max. 500000)
 76 words of extra memory for PDF output out of 10000 (max. 10000000)

