This is pdfTeX, Version 3.1415926-2.5-1.40.14 (MiKTeX 2.9) (preloaded format=pdflatex 2014.6.5)  25 JUN 2014 11:10
entering extended mode
**opc_ua.tex
(C:\workspace\opc_ua\tex\opc_ua.tex
LaTeX2e <2011/06/27>
Babel <v3.8m> and hyphenation patterns for english, afrikaans, ancientgreek, ar
abic, armenian, assamese, basque, bengali, bokmal, bulgarian, catalan, coptic, 
croatian, czech, danish, dutch, esperanto, estonian, farsi, finnish, french, ga
lician, german, german-x-2013-05-26, greek, gujarati, hindi, hungarian, iceland
ic, indonesian, interlingua, irish, italian, kannada, kurmanji, latin, latvian,
 lithuanian, malayalam, marathi, mongolian, mongolianlmc, monogreek, ngerman, n
german-x-2013-05-26, nynorsk, oriya, panjabi, pinyin, polish, portuguese, roman
ian, russian, sanskrit, serbian, slovak, slovenian, spanish, swedish, swissgerm
an, tamil, telugu, turkish, turkmen, ukenglish, ukrainian, uppersorbian, usengl
ishmax, welsh, loaded.
(C:\workspace\opc_ua\tex\llncs.cls
Document Class: llncs 2010/07/12 v2.17 
 LaTeX document class for Lecture Notes in Computer Science
("C:\Program Files (x86)\MiKTeX 2.9\tex\latex\base\article.cls"
Document Class: article 2007/10/19 v1.4h Standard LaTeX document class
("C:\Program Files (x86)\MiKTeX 2.9\tex\latex\base\size10.clo"
File: size10.clo 2007/10/19 v1.4h Standard LaTeX file (size option)
)
\c@part=\count79
\c@section=\count80
\c@subsection=\count81
\c@subsubsection=\count82
\c@paragraph=\count83
\c@subparagraph=\count84
\c@figure=\count85
\c@table=\count86
\abovecaptionskip=\skip41
\belowcaptionskip=\skip42
\bibindent=\dimen102
)
("C:\Program Files (x86)\MiKTeX 2.9\tex\latex\tools\multicol.sty"
Package: multicol 2011/06/27 v1.7a multicolumn formatting (FMi)
\c@tracingmulticols=\count87
\mult@box=\box26
\multicol@leftmargin=\dimen103
\c@unbalance=\count88
\c@collectmore=\count89
\doublecol@number=\count90
\multicoltolerance=\count91
\multicolpretolerance=\count92
\full@width=\dimen104
\page@free=\dimen105
\premulticols=\dimen106
\postmulticols=\dimen107
\multicolsep=\skip43
\multicolbaselineskip=\skip44
\partial@page=\box27
\last@line=\box28
\mult@rightbox=\box29
\mult@grightbox=\box30
\mult@gfirstbox=\box31
\mult@firstbox=\box32
\@tempa=\box33
\@tempa=\box34
\@tempa=\box35
\@tempa=\box36
\@tempa=\box37
\@tempa=\box38
\@tempa=\box39
\@tempa=\box40
\@tempa=\box41
\@tempa=\box42
\@tempa=\box43
\@tempa=\box44
\@tempa=\box45
\@tempa=\box46
\@tempa=\box47
\@tempa=\box48
\@tempa=\box49
\c@columnbadness=\count93
\c@finalcolumnbadness=\count94
\last@try=\dimen108
\multicolovershoot=\dimen109
\multicolundershoot=\dimen110
\mult@nat@firstbox=\box50
\colbreak@box=\box51
\multicol@sort@counter=\count95
)
(C:\workspace\opc_ua\tex\aliascnt.sty
Package: aliascnt 2009/09/08 v1.3 Alias counter (HO)
 (C:\workspace\opc_ua\tex\remreset.sty))
\c@chapter=\count96
LaTeX Font Info:    Redeclaring math symbol \Gamma on input line 362.
LaTeX Font Info:    Redeclaring math symbol \Delta on input line 363.
LaTeX Font Info:    Redeclaring math symbol \Theta on input line 364.
LaTeX Font Info:    Redeclaring math symbol \Lambda on input line 365.
LaTeX Font Info:    Redeclaring math symbol \Xi on input line 366.
LaTeX Font Info:    Redeclaring math symbol \Pi on input line 367.
LaTeX Font Info:    Redeclaring math symbol \Sigma on input line 368.
LaTeX Font Info:    Redeclaring math symbol \Upsilon on input line 369.
LaTeX Font Info:    Redeclaring math symbol \Phi on input line 370.
LaTeX Font Info:    Redeclaring math symbol \Psi on input line 371.
LaTeX Font Info:    Redeclaring math symbol \Omega on input line 372.
\tocchpnum=\dimen111
\tocsecnum=\dimen112
\tocsectotal=\dimen113
\tocsubsecnum=\dimen114
\tocsubsectotal=\dimen115
\tocsubsubsecnum=\dimen116
\tocsubsubsectotal=\dimen117
\tocparanum=\dimen118
\tocparatotal=\dimen119
\tocsubparanum=\dimen120
\@tempcntc=\count97
\fnindent=\dimen121
\c@@inst=\count98
\c@@auth=\count99
\c@auco=\count100
\instindent=\dimen122
\authrun=\box52
\authorrunning=\toks14
\tocauthor=\toks15
\titrun=\box53
\titlerunning=\toks16
\toctitle=\toks17
\c@theorem=\count101
\c@case=\count102
\c@conjecture=\count103
\c@corollary=\count104
\c@definition=\count105
\c@example=\count106
\c@exercise=\count107
\c@lemma=\count108
\c@note=\count109
\c@problem=\count110
\c@property=\count111
\c@proposition=\count112
\c@question=\count113
\c@solution=\count114
\c@remark=\count115
\headlineindent=\dimen123
)
("C:\Program Files (x86)\MiKTeX 2.9\tex\latex\graphics\graphicx.sty"
Package: graphicx 1999/02/16 v1.0f Enhanced LaTeX Graphics (DPC,SPQR)

("C:\Program Files (x86)\MiKTeX 2.9\tex\latex\graphics\keyval.sty"
Package: keyval 1999/03/16 v1.13 key=value parser (DPC)
\KV@toks@=\toks18
)
("C:\Program Files (x86)\MiKTeX 2.9\tex\latex\graphics\graphics.sty"
Package: graphics 2009/02/05 v1.0o Standard LaTeX Graphics (DPC,SPQR)

("C:\Program Files (x86)\MiKTeX 2.9\tex\latex\graphics\trig.sty"
Package: trig 1999/03/16 v1.09 sin cos tan (DPC)
)
("C:\Program Files (x86)\MiKTeX 2.9\tex\latex\00miktex\graphics.cfg"
File: graphics.cfg 2007/01/18 v1.5 graphics configuration of teTeX/TeXLive
)
Package graphics Info: Driver file: pdftex.def on input line 91.

("C:\Program Files (x86)\MiKTeX 2.9\tex\latex\pdftex-def\pdftex.def"
File: pdftex.def 2011/05/27 v0.06d Graphics/color for pdfTeX

("C:\Program Files (x86)\MiKTeX 2.9\tex\generic\oberdiek\infwarerr.sty"
Package: infwarerr 2010/04/08 v1.3 Providing info/warning/error messages (HO)
)
("C:\Program Files (x86)\MiKTeX 2.9\tex\generic\oberdiek\ltxcmds.sty"
Package: ltxcmds 2011/11/09 v1.22 LaTeX kernel commands for general use (HO)
)
\Gread@gobject=\count116
))
\Gin@req@height=\dimen124
\Gin@req@width=\dimen125
)
("C:\Program Files (x86)\MiKTeX 2.9\tex\latex\float\float.sty"
Package: float 2001/11/08 v1.3d Float enhancements (AL)
\c@float@type=\count117
\float@exts=\toks19
\float@box=\box54
\@float@everytoks=\toks20
\@floatcapt=\box55
)
("C:\Program Files (x86)\MiKTeX 2.9\tex\latex\url\url.sty"
\Urlmuskip=\muskip10
Package: url 2013/09/16  ver 3.4  Verb mode for urls, etc.
)
("C:\Program Files (x86)\MiKTeX 2.9\tex\latex\fancyhdr\fancyhdr.sty"
\fancy@headwidth=\skip45
\f@ncyO@elh=\skip46
\f@ncyO@erh=\skip47
\f@ncyO@olh=\skip48
\f@ncyO@orh=\skip49
\f@ncyO@elf=\skip50
\f@ncyO@erf=\skip51
\f@ncyO@olf=\skip52
\f@ncyO@orf=\skip53
)
("C:\Program Files (x86)\MiKTeX 2.9\tex\latex\filecontents\filecontents.sty"
Package: filecontents 2011/10/08 v1.3 Create an external file from within a LaT
eX document
)
(C:\workspace\opc_ua\tex\opc_ua.aux)
LaTeX Font Info:    Checking defaults for OML/cmm/m/it on input line 18.
LaTeX Font Info:    ... okay on input line 18.
LaTeX Font Info:    Checking defaults for T1/cmr/m/n on input line 18.
LaTeX Font Info:    ... okay on input line 18.
LaTeX Font Info:    Checking defaults for OT1/cmr/m/n on input line 18.
LaTeX Font Info:    ... okay on input line 18.
LaTeX Font Info:    Checking defaults for OMS/cmsy/m/n on input line 18.
LaTeX Font Info:    ... okay on input line 18.
LaTeX Font Info:    Checking defaults for OMX/cmex/m/n on input line 18.
LaTeX Font Info:    ... okay on input line 18.
LaTeX Font Info:    Checking defaults for U/cmr/m/n on input line 18.
LaTeX Font Info:    ... okay on input line 18.

("C:\Program Files (x86)\MiKTeX 2.9\tex\context\base\supp-pdf.mkii"
[Loading MPS to PDF converter (version 2006.09.02).]
\scratchcounter=\count118
\scratchdimen=\dimen126
\scratchbox=\box56
\nofMPsegments=\count119
\nofMParguments=\count120
\everyMPshowfont=\toks21
\MPscratchCnt=\count121
\MPscratchDim=\dimen127
\MPnumerator=\count122
\makeMPintoPDFobject=\count123
\everyMPtoPDFconversion=\toks22
)
LaTeX Font Info:    External font `cmex10' loaded for size
(Font)              <7> on input line 23.
LaTeX Font Info:    External font `cmex10' loaded for size
(Font)              <5> on input line 23.
 [1

{C:/ProgramData/MiKTeX/2.9/pdftex/config/pdftex.map}]
Overfull \hbox (6.18265pt too wide) in paragraph at lines 43--44
\OT1/cmr/m/n/10 dards ob-ject link-ing and em-bed-ding for pro-cesses con-trol 
uni-fied ar-chi-tec-ture(OPC
 []

[2]
LaTeX Font Info:    External font `cmex10' loaded for size
(Font)              <9> on input line 60.
LaTeX Font Info:    External font `cmex10' loaded for size
(Font)              <6> on input line 60.
 <cs.jpg, id=15, 538.26094pt x 170.13562pt>
File: cs.jpg Graphic file (type jpg)
 <use cs.jpg>
Package pdftex.def Info: cs.jpg used on input line 84.
(pdftex.def)             Requested size: 347.12354pt x 109.71974pt.
 [3]
<server.jpg, id=19, 536.0025pt x 424.58624pt>
File: server.jpg Graphic file (type jpg)
 <use server.jpg>
Package pdftex.def Info: server.jpg used on input line 98.
(pdftex.def)             Requested size: 277.69987pt x 219.9698pt.
 [4 <C:/workspace/opc_ua/tex/cs.jpg>] <client.jpg, id=23, 508.90125pt x 231.866
26pt>
File: client.jpg Graphic file (type jpg)

<use client.jpg>
Package pdftex.def Info: client.jpg used on input line 107.
(pdftex.def)             Requested size: 347.12354pt x 158.16228pt.
 <opc_ua_cs_comm.jpg, id=24, 485.56406pt x 263.48438pt>
File: opc_ua_cs_comm.jpg Graphic file (type jpg)

<use opc_ua_cs_comm.jpg>
Package pdftex.def Info: opc_ua_cs_comm.jpg used on input line 118.
(pdftex.def)             Requested size: 277.69987pt x 150.68617pt.
 [5 <C:/workspace/opc_ua/tex/server.jpg>] [6 <C:/workspace/opc_ua/tex/client.jp
g> <C:/workspace/opc_ua/tex/opc_ua_cs_comm.jpg>]
<opc_ua_shs.jpg, id=31, 551.81157pt x 389.95688pt>
File: opc_ua_shs.jpg Graphic file (type jpg)
 <use opc_ua_shs.jpg>
Package pdftex.def Info: opc_ua_shs.jpg used on input line 130.
(pdftex.def)             Requested size: 347.12354pt x 245.31711pt.

Underfull \vbox (badness 10000) has occurred while \output is active []

 [7 <C:/workspace/opc_ua/tex/opc_ua_shs.jpg>]
<opc_ua_commstack.jpg, id=36, 536.75531pt x 387.69844pt>
File: opc_ua_commstack.jpg Graphic file (type jpg)

<use opc_ua_commstack.jpg>
Package pdftex.def Info: opc_ua_commstack.jpg used on input line 138.
(pdftex.def)             Requested size: 347.12354pt x 250.7291pt.
 [8 <C:/workspace/opc_ua/tex/opc_ua_commstack.jpg>]
<opc_ua_messchunk.jpg, id=40, 514.92375pt x 367.3725pt>
File: opc_ua_messchunk.jpg Graphic file (type jpg)

<use opc_ua_messchunk.jpg>
Package pdftex.def Info: opc_ua_messchunk.jpg used on input line 152.
(pdftex.def)             Requested size: 260.34265pt x 185.74306pt.
 <tcp_1.jpg, id=41, 558.58687pt x 275.52937pt>
File: tcp_1.jpg Graphic file (type jpg)

<use tcp_1.jpg>
Package pdftex.def Info: tcp_1.jpg used on input line 159.
(pdftex.def)             Requested size: 347.12354pt x 171.22583pt.
 <tcp_2.jpg, id=42, 529.98pt x 213.79875pt>
File: tcp_2.jpg Graphic file (type jpg)
 <use tcp_2.jpg>
Package pdftex.def Info: tcp_2.jpg used on input line 168.
(pdftex.def)             Requested size: 347.12354pt x 140.0343pt.

[9 <C:/workspace/opc_ua/tex/opc_ua_messchunk.jpg>]
<tcp_3.jpg, id=46, 599.99156pt x 404.26031pt>
File: tcp_3.jpg Graphic file (type jpg)
 <use tcp_3.jpg>
Package pdftex.def Info: tcp_3.jpg used on input line 176.
(pdftex.def)             Requested size: 347.12354pt x 233.8913pt.
 [10 <C:/workspace/opc_ua/tex/tcp_1.jpg> <C:/workspace/opc_ua/tex/tcp_2.jpg>] [
11 <C:/workspace/opc_ua/tex/tcp_3.jpg>]
Overfull \hbox (13.4337pt too wide) in paragraph at lines 210--222
 [][] 
 []

<scc.jpg, id=53, 436.63126pt x 304.13625pt>
File: scc.jpg Graphic file (type jpg)
 <use scc.jpg>
Package pdftex.def Info: scc.jpg used on input line 228.
(pdftex.def)             Requested size: 277.69987pt x 193.43065pt.
 [12]
<file.pdf, id=57, 542.025pt x 379.4175pt>
File: file.pdf Graphic file (type pdf)
 <use file.pdf>
Package pdftex.def Info: file.pdf used on input line 240.
(pdftex.def)             Requested size: 277.69987pt x 194.39772pt.
 [13 <C:/workspace/opc_ua/tex/scc.jpg>] <file-structure.pdf, id=62, 582.67688pt
 x 415.5525pt>
File: file-structure.pdf Graphic file (type pdf)

<use file-structure.pdf>
Package pdftex.def Info: file-structure.pdf used on input line 253.
(pdftex.def)             Requested size: 347.12354pt x 247.56433pt.
 [14 <C:/workspace/opc_ua/tex/file.pdf>]
Underfull \vbox (badness 1881) has occurred while \output is active []

 [15 <C:/workspace/opc_ua/tex/file-structure.pdf>]
Overfull \hbox (24.0705pt too wide) in paragraph at lines 301--302
\OT1/cmr/m/n/10 keys. In telecom-mu-ni-ca-tion do-main in ac-cor-dance with ISO
/IEC 7816-4[9], TLV(Type-
 []

<jcvm.jpg, id=107, 330.48468pt x 205.5178pt>
File: jcvm.jpg Graphic file (type jpg)
 <use jcvm.jpg>
Package pdftex.def Info: jcvm.jpg used on input line 309.
(pdftex.def)             Requested size: 347.12354pt x 215.8722pt.
 [16] [17 <C:/workspace/opc_ua/tex/jcvm.jpg>]
<applet-execution-states.pdf, id=115, 532.99126pt x 94.85437pt>
File: applet-execution-states.pdf Graphic file (type pdf)

<use applet-execution-states.pdf>
Package pdftex.def Info: applet-execution-states.pdf used on input line 345.
(pdftex.def)             Requested size: 347.12354pt x 61.77762pt.

<apdu-command-processing.pdf, id=116, 460.72125pt x 388.45125pt>
File: apdu-command-processing.pdf Graphic file (type pdf)

<use apdu-command-processing.pdf>
Package pdftex.def Info: apdu-command-processing.pdf used on input line 355.
(pdftex.def)             Requested size: 277.69987pt x 234.13945pt.
 [18 <C:/workspace/opc_ua/tex/applet-execution-states.pdf>]
Overfull \hbox (42.68146pt too wide) in paragraph at lines 374--383
 [][] 
 []


Overfull \hbox (45.62366pt too wide) in paragraph at lines 388--410
 [][] 
 []

<gp_1.jpg, id=128, 490.83376pt x 475.02469pt>
File: gp_1.jpg Graphic file (type jpg)
 <use gp_1.jpg>
Package pdftex.def Info: gp_1.jpg used on input line 417.
(pdftex.def)             Requested size: 242.98541pt x 235.15605pt.
 [19 <C:/workspace/opc_ua/tex/apdu-command-processing.pdf>]
Underfull \vbox (badness 10000) has occurred while \output is active []

 [20 <C:/workspace/opc_ua/tex/gp_1.jpg>]
<open-architecture.jpg, id=151, 377.91188pt x 289.08pt>
File: open-architecture.jpg Graphic file (type jpg)

<use open-architecture.jpg>
Package pdftex.def Info: open-architecture.jpg used on input line 431.
(pdftex.def)             Requested size: 277.69987pt x 212.42493pt.

<homeoverview.jpg, id=152, 1342.01375pt x 706.64pt>
File: homeoverview.jpg Graphic file (type jpg)
 <use homeoverview.jpg>
Package pdftex.def Info: homeoverview.jpg used on input line 450.
(pdftex.def)             Requested size: 416.54718pt x 219.3257pt.

Overfull \hbox (69.42365pt too wide) in paragraph at lines 450--451
 [][] 
 []

[21] [22 <C:/workspace/opc_ua/tex/open-architecture.jpg>]
<csoverview.pdf, id=159, 487.8225pt x 347.79938pt>
File: csoverview.pdf Graphic file (type pdf)
 <use csoverview.pdf>
Package pdftex.def Info: csoverview.pdf used on input line 464.
(pdftex.def)             Requested size: 381.838pt x 272.23767pt.

Overfull \hbox (34.71446pt too wide) in paragraph at lines 464--465
 [][] 
 []

[23 <C:/workspace/opc_ua/tex/homeoverview.jpg>]
<clientStructure.pdf, id=163, 551.05875pt x 460.72125pt>
File: clientStructure.pdf Graphic file (type pdf)

<use clientStructure.pdf>
Package pdftex.def Info: clientStructure.pdf used on input line 495.
(pdftex.def)             Requested size: 347.12354pt x 290.2278pt.
 [24 <C:/workspace/opc_ua/tex/csoverview.pdf>]
<apsd.jpg, id=175, 563.85657pt x 532.23843pt>
File: apsd.jpg Graphic file (type jpg)
 <use apsd.jpg>
Package pdftex.def Info: apsd.jpg used on input line 503.
(pdftex.def)             Requested size: 416.54718pt x 393.19244pt.

Overfull \hbox (69.42365pt too wide) in paragraph at lines 503--504
 [][] 
 []

[25 <C:/workspace/opc_ua/tex/clientStructure.pdf>] [26 <C:/workspace/opc_ua/tex
/apsd.jpg>] <serverStructure.pdf, id=189, 551.05875pt x 532.99126pt>
File: serverStructure.pdf Graphic file (type pdf)

<use serverStructure.pdf>
Package pdftex.def Info: serverStructure.pdf used on input line 515.
(pdftex.def)             Requested size: 312.40906pt x 302.17348pt.
 [27] [28 <C:/workspace/opc_ua/tex/serverStructure.pdf>]

LaTeX Warning: `h' float specifier changed to `ht'.


LaTeX Warning: `h' float specifier changed to `ht'.


Overfull \hbox (3.23172pt too wide) in paragraph at lines 589--590
 \OT1/cmr/m/it/10 En-tity Au-then-ti-ca-tion[] \OT1/cmr/m/n/10 When Com-mu-ni-c
a-tion-Stack is suc-cess-fully se-lect by JCRE,
 []

(C:\workspace\opc_ua\tex\opc_ua.bbl [29]
Underfull \hbox (badness 5924) in paragraph at lines 38--42
[]\OT1/cmr/m/n/9 Wikipedia con-trib-u-tors:  Con-strained Ap-pli-ca-tion Pro-to
-col.  $\OT1/cmtt/m/n/9 http : / /$
 []

Missing character: There is no Ã in font cmr9!
Missing character: There is no © in font cmr9!
Missing character: There is no Ã in font cmr9!
Missing character: There is no § in font cmr9!
Missing character: There is no â in font cmr9!
Missing character: There is no € in font cmr9!
Missing character: There is no “ in font cmr9!
) [30] (C:\workspace\opc_ua\tex\opc_ua.aux) ) 
Here is how much of TeX's memory you used:
 1958 strings out of 493921
 25558 string characters out of 3144871
 89062 words of memory out of 3000000
 5237 multiletter control sequences out of 15000+200000
 8315 words of font info for 30 fonts, out of 3000000 for 9000
 841 hyphenation exceptions out of 8191
 29i,15n,43p,1460b,292s stack positions out of 5000i,500n,10000p,200000b,50000s
<C:/Program Files (x86)/MiKTeX 2.9
/fonts/type1/public/amsfonts/cm/cmbx10.pfb><C:/Program Files (x86)/MiKTeX 2.9/f
onts/type1/public/amsfonts/cm/cmbx12.pfb><C:/Program Files (x86)/MiKTeX 2.9/fon
ts/type1/public/amsfonts/cm/cmbx9.pfb><C:/Program Files (x86)/MiKTeX 2.9/fonts/
type1/public/amsfonts/cm/cmr10.pfb><C:/Program Files (x86)/MiKTeX 2.9/fonts/typ
e1/public/amsfonts/cm/cmr6.pfb><C:/Program Files (x86)/MiKTeX 2.9/fonts/type1/p
ublic/amsfonts/cm/cmr7.pfb><C:/Program Files (x86)/MiKTeX 2.9/fonts/type1/publi
c/amsfonts/cm/cmr9.pfb><C:/Program Files (x86)/MiKTeX 2.9/fonts/type1/public/am
sfonts/cm/cmti10.pfb><C:/Program Files (x86)/MiKTeX 2.9/fonts/type1/public/amsf
onts/cm/cmti9.pfb><C:/Program Files (x86)/MiKTeX 2.9/fonts/type1/public/amsfont
s/cm/cmtt10.pfb><C:/Program Files (x86)/MiKTeX 2.9/fonts/type1/public/amsfonts/
cm/cmtt9.pfb>
Output written on opc_ua.pdf (30 pages, 1981758 bytes).
PDF statistics:
 245 PDF objects out of 1000 (max. 8388607)
 0 named destinations out of 1000 (max. 500000)
 116 words of extra memory for PDF output out of 10000 (max. 10000000)

