This is pdfTeX, Version 3.1415926-2.5-1.40.14 (MiKTeX 2.9) (preloaded format=pdflatex 2014.6.6)  6 JUN 2014 12:45
entering extended mode
**Cardis_2012_Smart_OpenID.tex
(D:\opc_ua\tex\Cardis_2012_Smart_OpenID.tex
LaTeX2e <2011/06/27>
Babel <v3.8m> and hyphenation patterns for english, afrikaans, ancientgreek, ar
abic, armenian, assamese, basque, bengali, bokmal, bulgarian, catalan, coptic, 
croatian, czech, danish, dutch, esperanto, estonian, farsi, finnish, french, ga
lician, german, german-x-2013-05-26, greek, gujarati, hindi, hungarian, iceland
ic, indonesian, interlingua, irish, italian, kannada, kurmanji, latin, latvian,
 lithuanian, malayalam, marathi, mongolian, mongolianlmc, monogreek, ngerman, n
german-x-2013-05-26, nynorsk, oriya, panjabi, pinyin, polish, portuguese, roman
ian, russian, sanskrit, serbian, slovak, slovenian, spanish, swedish, swissgerm
an, tamil, telugu, turkish, turkmen, ukenglish, ukrainian, uppersorbian, usengl
ishmax, welsh, loaded.
(D:\opc_ua\tex\llncs.cls
Document Class: llncs 2010/07/12 v2.17 
 LaTeX document class for Lecture Notes in Computer Science
("C:\Program Files (x86)\MiKTeX 2.9\tex\latex\base\article.cls"
Document Class: article 2007/10/19 v1.4h Standard LaTeX document class
("C:\Program Files (x86)\MiKTeX 2.9\tex\latex\base\size10.clo"
File: size10.clo 2007/10/19 v1.4h Standard LaTeX file (size option)
)
\c@part=\count79
\c@section=\count80
\c@subsection=\count81
\c@subsubsection=\count82
\c@paragraph=\count83
\c@subparagraph=\count84
\c@figure=\count85
\c@table=\count86
\abovecaptionskip=\skip41
\belowcaptionskip=\skip42
\bibindent=\dimen102
)
("C:\Program Files (x86)\MiKTeX 2.9\tex\latex\tools\multicol.sty"
Package: multicol 2011/06/27 v1.7a multicolumn formatting (FMi)
\c@tracingmulticols=\count87
\mult@box=\box26
\multicol@leftmargin=\dimen103
\c@unbalance=\count88
\c@collectmore=\count89
\doublecol@number=\count90
\multicoltolerance=\count91
\multicolpretolerance=\count92
\full@width=\dimen104
\page@free=\dimen105
\premulticols=\dimen106
\postmulticols=\dimen107
\multicolsep=\skip43
\multicolbaselineskip=\skip44
\partial@page=\box27
\last@line=\box28
\mult@rightbox=\box29
\mult@grightbox=\box30
\mult@gfirstbox=\box31
\mult@firstbox=\box32
\@tempa=\box33
\@tempa=\box34
\@tempa=\box35
\@tempa=\box36
\@tempa=\box37
\@tempa=\box38
\@tempa=\box39
\@tempa=\box40
\@tempa=\box41
\@tempa=\box42
\@tempa=\box43
\@tempa=\box44
\@tempa=\box45
\@tempa=\box46
\@tempa=\box47
\@tempa=\box48
\@tempa=\box49
\c@columnbadness=\count93
\c@finalcolumnbadness=\count94
\last@try=\dimen108
\multicolovershoot=\dimen109
\multicolundershoot=\dimen110
\mult@nat@firstbox=\box50
\colbreak@box=\box51
\multicol@sort@counter=\count95
)
(D:\opc_ua\tex\aliascnt.sty
Package: aliascnt 2009/09/08 v1.3 Alias counter (HO)
 (D:\opc_ua\tex\remreset.sty))
\c@chapter=\count96
LaTeX Font Info:    Redeclaring math symbol \Gamma on input line 362.
LaTeX Font Info:    Redeclaring math symbol \Delta on input line 363.
LaTeX Font Info:    Redeclaring math symbol \Theta on input line 364.
LaTeX Font Info:    Redeclaring math symbol \Lambda on input line 365.
LaTeX Font Info:    Redeclaring math symbol \Xi on input line 366.
LaTeX Font Info:    Redeclaring math symbol \Pi on input line 367.
LaTeX Font Info:    Redeclaring math symbol \Sigma on input line 368.
LaTeX Font Info:    Redeclaring math symbol \Upsilon on input line 369.
LaTeX Font Info:    Redeclaring math symbol \Phi on input line 370.
LaTeX Font Info:    Redeclaring math symbol \Psi on input line 371.
LaTeX Font Info:    Redeclaring math symbol \Omega on input line 372.
\tocchpnum=\dimen111
\tocsecnum=\dimen112
\tocsectotal=\dimen113
\tocsubsecnum=\dimen114
\tocsubsectotal=\dimen115
\tocsubsubsecnum=\dimen116
\tocsubsubsectotal=\dimen117
\tocparanum=\dimen118
\tocparatotal=\dimen119
\tocsubparanum=\dimen120
\@tempcntc=\count97
\fnindent=\dimen121
\c@@inst=\count98
\c@@auth=\count99
\c@auco=\count100
\instindent=\dimen122
\authrun=\box52
\authorrunning=\toks14
\tocauthor=\toks15
\titrun=\box53
\titlerunning=\toks16
\toctitle=\toks17
\c@theorem=\count101
\c@case=\count102
\c@conjecture=\count103
\c@corollary=\count104
\c@definition=\count105
\c@example=\count106
\c@exercise=\count107
\c@lemma=\count108
\c@note=\count109
\c@problem=\count110
\c@property=\count111
\c@proposition=\count112
\c@question=\count113
\c@solution=\count114
\c@remark=\count115
\headlineindent=\dimen123
)
("C:\Program Files (x86)\MiKTeX 2.9\tex\latex\amsfonts\amssymb.sty"
Package: amssymb 2013/01/14 v3.01 AMS font symbols

("C:\Program Files (x86)\MiKTeX 2.9\tex\latex\amsfonts\amsfonts.sty"
Package: amsfonts 2013/01/14 v3.01 Basic AMSFonts support
\@emptytoks=\toks18
\symAMSa=\mathgroup4
\symAMSb=\mathgroup5
LaTeX Font Info:    Overwriting math alphabet `\mathfrak' in version `bold'
(Font)                  U/euf/m/n --> U/euf/b/n on input line 106.
))
("C:\Program Files (x86)\MiKTeX 2.9\tex\latex\amsmath\amsmath.sty"
Package: amsmath 2013/01/14 v2.14 AMS math features
\@mathmargin=\skip45

For additional information on amsmath, use the `?' option.
("C:\Program Files (x86)\MiKTeX 2.9\tex\latex\amsmath\amstext.sty"
Package: amstext 2000/06/29 v2.01

("C:\Program Files (x86)\MiKTeX 2.9\tex\latex\amsmath\amsgen.sty"
File: amsgen.sty 1999/11/30 v2.0
\@emptytoks=\toks19
\ex@=\dimen124
))
("C:\Program Files (x86)\MiKTeX 2.9\tex\latex\amsmath\amsbsy.sty"
Package: amsbsy 1999/11/29 v1.2d
\pmbraise@=\dimen125
)
("C:\Program Files (x86)\MiKTeX 2.9\tex\latex\amsmath\amsopn.sty"
Package: amsopn 1999/12/14 v2.01 operator names
)
\inf@bad=\count116
LaTeX Info: Redefining \frac on input line 210.
\uproot@=\count117
\leftroot@=\count118
LaTeX Info: Redefining \overline on input line 306.
\classnum@=\count119
\DOTSCASE@=\count120
LaTeX Info: Redefining \ldots on input line 378.
LaTeX Info: Redefining \dots on input line 381.
LaTeX Info: Redefining \cdots on input line 466.
\Mathstrutbox@=\box54
\strutbox@=\box55
\big@size=\dimen126
LaTeX Font Info:    Redeclaring font encoding OML on input line 566.
LaTeX Font Info:    Redeclaring font encoding OMS on input line 567.


Package amsmath Warning: Unable to redefine math accent \vec.

\macc@depth=\count121
\c@MaxMatrixCols=\count122
\dotsspace@=\muskip10
\c@parentequation=\count123
\dspbrk@lvl=\count124
\tag@help=\toks20
\row@=\count125
\column@=\count126
\maxfields@=\count127
\andhelp@=\toks21
\eqnshift@=\dimen127
\alignsep@=\dimen128
\tagshift@=\dimen129
\tagwidth@=\dimen130
\totwidth@=\dimen131
\lineht@=\dimen132
\@envbody=\toks22
\multlinegap=\skip46
\multlinetaggap=\skip47
\mathdisplay@stack=\toks23
LaTeX Info: Redefining \[ on input line 2665.
LaTeX Info: Redefining \] on input line 2666.
) ("C:\Program Files (x86)\MiKTeX 2.9\tex\latex\graphics\color.sty"
Package: color 2005/11/14 v1.0j Standard LaTeX Color (DPC)

("C:\Program Files (x86)\MiKTeX 2.9\tex\latex\00miktex\color.cfg"
File: color.cfg 2007/01/18 v1.5 color configuration of teTeX/TeXLive
)
Package color Info: Driver file: pdftex.def on input line 130.

("C:\Program Files (x86)\MiKTeX 2.9\tex\latex\pdftex-def\pdftex.def"
File: pdftex.def 2011/05/27 v0.06d Graphics/color for pdfTeX

("C:\Program Files (x86)\MiKTeX 2.9\tex\generic\oberdiek\infwarerr.sty"
Package: infwarerr 2010/04/08 v1.3 Providing info/warning/error messages (HO)
)
("C:\Program Files (x86)\MiKTeX 2.9\tex\generic\oberdiek\ltxcmds.sty"
Package: ltxcmds 2011/11/09 v1.22 LaTeX kernel commands for general use (HO)
)
\Gread@gobject=\count128
))
("C:\Program Files (x86)\MiKTeX 2.9\tex\latex\subfig\subfig.sty"
Package: subfig 2005/06/28 ver: 1.3 subfig package

("C:\Program Files (x86)\MiKTeX 2.9\tex\latex\graphics\keyval.sty"
Package: keyval 1999/03/16 v1.13 key=value parser (DPC)
\KV@toks@=\toks24
)
("C:\Program Files (x86)\MiKTeX 2.9\tex\latex\caption\caption.sty"
Package: caption 2013/05/02 v3.3-89 Customizing captions (AR)

("C:\Program Files (x86)\MiKTeX 2.9\tex\latex\caption\caption3.sty"
Package: caption3 2013/05/02 v1.6-88 caption3 kernel (AR)
Package caption3 Info: TeX engine: e-TeX on input line 57.
\captionmargin=\dimen133
\captionmargin@=\dimen134
\captionwidth=\dimen135
\caption@tempdima=\dimen136
\caption@indent=\dimen137
\caption@parindent=\dimen138
\caption@hangindent=\dimen139
Package caption Info: Unknown document class (or package),
(caption)             standard defaults will be used.
)

Package caption Warning: Unsupported document class (or package) detected,
(caption)                usage of the caption package is not recommended.
See the caption package documentation for explanation.

Package caption Info: \@makecaption = \long macro:#1#2->\small \vskip \abovecap
tionskip \sbox \@tempboxa {{\bfseries #1.} #2}\ifdim \wd \@tempboxa >\hsize {\b
fseries #1.} #2\par \else \global \@minipagefalse \hb@xt@ \hsize {\hfil \box \@
tempboxa \hfil }\fi \vskip \belowcaptionskip .
\c@ContinuedFloat=\count129
)
\c@KVtest=\count130
\sf@farskip=\skip48
\sf@captopadj=\dimen140
\sf@capskip=\skip49
\sf@nearskip=\skip50
\c@subfigure=\count131
\c@subfigure@save=\count132
\c@lofdepth=\count133
\c@subtable=\count134
\c@subtable@save=\count135
\c@lotdepth=\count136
\sf@top=\skip51
\sf@bottom=\skip52
) ("C:\Program Files (x86)\MiKTeX 2.9\tex\latex\tools\xspace.sty"
Package: xspace 2009/10/20 v1.13 Space after command names (DPC,MH)
)
("C:\Program Files (x86)\MiKTeX 2.9\tex\latex\graphics\graphicx.sty"
Package: graphicx 1999/02/16 v1.0f Enhanced LaTeX Graphics (DPC,SPQR)

("C:\Program Files (x86)\MiKTeX 2.9\tex\latex\graphics\graphics.sty"
Package: graphics 2009/02/05 v1.0o Standard LaTeX Graphics (DPC,SPQR)

("C:\Program Files (x86)\MiKTeX 2.9\tex\latex\graphics\trig.sty"
Package: trig 1999/03/16 v1.09 sin cos tan (DPC)
)
("C:\Program Files (x86)\MiKTeX 2.9\tex\latex\00miktex\graphics.cfg"
File: graphics.cfg 2007/01/18 v1.5 graphics configuration of teTeX/TeXLive
)
Package graphics Info: Driver file: pdftex.def on input line 91.
)
\Gin@req@height=\dimen141
\Gin@req@width=\dimen142
)
("C:\Program Files (x86)\MiKTeX 2.9\tex\latex\url\url.sty"
\Urlmuskip=\muskip11
Package: url 2013/09/16  ver 3.4  Verb mode for urls, etc.
)
No file Cardis_2012_Smart_OpenID.aux.
LaTeX Font Info:    Checking defaults for OML/cmm/m/it on input line 48.
LaTeX Font Info:    ... okay on input line 48.
LaTeX Font Info:    Checking defaults for T1/cmr/m/n on input line 48.
LaTeX Font Info:    ... okay on input line 48.
LaTeX Font Info:    Checking defaults for OT1/cmr/m/n on input line 48.
LaTeX Font Info:    ... okay on input line 48.
LaTeX Font Info:    Checking defaults for OMS/cmsy/m/n on input line 48.
LaTeX Font Info:    ... okay on input line 48.
LaTeX Font Info:    Checking defaults for OMX/cmex/m/n on input line 48.
LaTeX Font Info:    ... okay on input line 48.
LaTeX Font Info:    Checking defaults for U/cmr/m/n on input line 48.
LaTeX Font Info:    ... okay on input line 48.
("C:\Program Files (x86)\MiKTeX 2.9\tex\context\base\supp-pdf.mkii"
[Loading MPS to PDF converter (version 2006.09.02).]
\scratchcounter=\count137
\scratchdimen=\dimen143
\scratchbox=\box56
\nofMPsegments=\count138
\nofMParguments=\count139
\everyMPshowfont=\toks25
\MPscratchCnt=\count140
\MPscratchDim=\dimen144
\MPnumerator=\count141
\makeMPintoPDFobject=\count142
\everyMPtoPDFconversion=\toks26
)
Package caption Info: Begin \AtBeginDocument code.
Package caption Info: subfig package v1.3 is loaded.
Package caption Info: End \AtBeginDocument code.
LaTeX Font Info:    Try loading font information for U+msa on input line 110.
 ("C:\Program Files (x86)\MiKTeX 2.9\tex\latex\amsfonts\umsa.fd"
File: umsa.fd 2013/01/14 v3.01 AMS symbols A
)
LaTeX Font Info:    Try loading font information for U+msb on input line 110.

("C:\Program Files (x86)\MiKTeX 2.9\tex\latex\amsfonts\umsb.fd"
File: umsb.fd 2013/01/14 v3.01 AMS symbols B
)

LaTeX Warning: Citation `ACP:ACP1014' on page 1 undefined on input line 164.


LaTeX Warning: Citation `smith2002strong' on page 1 undefined on input line 164
.


LaTeX Warning: Citation `alliance2002liberty' on page 1 undefined on input line
 164.


LaTeX Warning: Citation `chappell2006introducing' on page 1 undefined on input 
line 164.


LaTeX Warning: Citation `bertocci2007understanding' on page 1 undefined on inpu
t line 164.


LaTeX Warning: Citation `Higgins' on page 1 undefined on input line 164.

[1


{C:/ProgramData/MiKTeX/2.9/pdftex/config/pdftex.map}]

LaTeX Warning: Citation `chen2000java' on page 2 undefined on input line 171.


LaTeX Warning: Citation `iso7816-4' on page 2 undefined on input line 173.


LaTeX Warning: Citation `OpenMobileAPI2' on page 2 undefined on input line 174.



LaTeX Warning: Citation `SmartOpenIDIFIP12' on page 2 undefined on input line 1
77.


LaTeX Warning: Citation `SmartOpenIDIFIP12' on page 2 undefined on input line 1
77.


LaTeX Warning: Reference `sec:related' on page 2 undefined on input line 177.


LaTeX Warning: Reference `sec:demoarchitecture' on page 2 undefined on input li
ne 177.


LaTeX Warning: Reference `sec:demoimplementation' on page 2 undefined on input 
line 177.


LaTeX Warning: Reference `sec:analysis' on page 2 undefined on input line 178.


LaTeX Warning: Reference `sec:conclusions' on page 2 undefined on input line 17
9.


LaTeX Warning: Citation `OpenIDSpecs' on page 2 undefined on input line 182.


LaTeX Warning: Citation `uruena2010analysis' on page 2 undefined on input line 
183.


LaTeX Warning: Citation `van2008simple' on page 2 undefined on input line 183.


LaTeX Warning: Reference `fig:OpenIDProtocol' on page 2 undefined on input line
 186.


LaTeX Warning: Citation `SmartOpenIDIFIP12' on page 2 undefined on input line 1
86.


Underfull \vbox (badness 10000) has occurred while \output is active []

 [2]

LaTeX Warning: File `OpenID_Flow_compact_detailed.pdf' not found on input line 
190.


! Package pdftex.def Error: File `OpenID_Flow_compact_detailed.pdf' not found.

See the pdftex.def package documentation for explanation.
Type  H <return>  for immediate help.
 ...                                              
                                                  
l.190 ...twidth]{OpenID_Flow_compact_detailed.pdf}
                                                  
? skip
OK, entering \scrollmode...

LaTeX Warning: Reference `fig:SmartOpenIDprotocol' on page 3 undefined on input
 line 195.

[3]

LaTeX Warning: Reference `fig:OpenIDProtocol' on page 4 undefined on input line
 203.


LaTeX Warning: Citation `3gpp.31.115' on page 4 undefined on input line 207.


LaTeX Warning: Citation `3gpp.31.116' on page 4 undefined on input line 207.


LaTeX Warning: Citation `SmartOpenID_WWRF25' on page 4 undefined on input line 
207.


LaTeX Warning: Reference `fig:SmartOpenIDprotocol' on page 4 undefined on input
 line 209.


LaTeX Warning: Citation `OpenIDSpecs' on page 4 undefined on input line 209.


LaTeX Warning: File `Smart_OpenID_Flow_compact_detailed.pdf' not found on input
 line 219.


! Package pdftex.def Error: File `Smart_OpenID_Flow_compact_detailed.pdf' not f
ound.

See the pdftex.def package documentation for explanation.
Type  H <return>  for immediate help.
 ...                                              
                                                  
l.219 ...]{Smart_OpenID_Flow_compact_detailed.pdf}
                                                  
Using draft setting for this image.
Try typing  <return>  to proceed.
If that doesn't work, type  X <return>  to quit.


LaTeX Warning: Citation `SmartOpenIDIFIP12' on page 4 undefined on input line 2
30.


LaTeX Warning: Citation `OpenIDSpecs' on page 4 undefined on input line 230.


Underfull \vbox (badness 10000) has occurred while \output is active []

 [4]

LaTeX Warning: Citation `Tsyrklevich2007' on page 5 undefined on input line 237
.

[5]

LaTeX Warning: Citation `urien2011convergent' on page 6 undefined on input line
 244.


LaTeX Warning: Citation `urien2010openid' on page 6 undefined on input line 244
.


LaTeX Warning: Citation `5678097' on page 6 undefined on input line 245.


LaTeX Warning: Citation `Telco2.0' on page 6 undefined on input line 248.


LaTeX Warning: Citation `camenisch2011privacy' on page 6 undefined on input lin
e 250.


LaTeX Warning: Citation `Koschinat2011' on page 6 undefined on input line 250.


LaTeX Warning: Citation `koschinat2011privacy' on page 6 undefined on input lin
e 250.


LaTeX Warning: Citation `3gpp.33.919' on page 6 undefined on input line 251.


LaTeX Warning: Citation `3gpp.33.924' on page 6 undefined on input line 252.


LaTeX Warning: Citation `weik2008towards' on page 6 undefined on input line 252
.


LaTeX Warning: Citation `Ahmed2010' on page 6 undefined on input line 252.


LaTeX Warning: Citation `jrstad2009releasing' on page 6 undefined on input line
 252.


LaTeX Warning: Citation `LAAdvClient2007' on page 6 undefined on input line 254
.


LaTeX Warning: Citation `LAAdvClientSIM' on page 6 undefined on input line 258.



LaTeX Warning: Citation `3gpp.31.115' on page 6 undefined on input line 258.


LaTeX Warning: Citation `3gpp.31.116' on page 6 undefined on input line 258.


LaTeX Warning: Citation `SmartOpenIDIFIP12' on page 6 undefined on input line 2
62.


LaTeX Warning: Citation `SmartOpenID_WWRF25' on page 6 undefined on input line 
262.


LaTeX Warning: Citation `Association2011' on page 6 undefined on input line 267
.


LaTeX Warning: Citation `Verclas2011' on page 6 undefined on input line 268.


LaTeX Warning: Citation `OpenMobileAPI2' on page 6 undefined on input line 271.



LaTeX Warning: Reference `fig:DualAA' on page 6 undefined on input line 276.

[6]

LaTeX Warning: File `graphics/DualAA.pdf' not found on input line 282.


! Package pdftex.def Error: File `graphics/DualAA.pdf' not found.

See the pdftex.def package documentation for explanation.
Type  H <return>  for immediate help.
 ...                                              
                                                  
l.282 ...idth=0.67\textwidth]{graphics/DualAA.pdf}
                                                  
Using draft setting for this image.
Try typing  <return>  to proceed.
If that doesn't work, type  X <return>  to quit.


LaTeX Warning: Citation `Association2011' on page 7 undefined on input line 291
.

[7]

LaTeX Warning: Citation `Guide' on page 8 undefined on input line 307.


LaTeX Warning: Citation `3GPP2012a' on page 8 undefined on input line 314.


LaTeX Warning: Citation `OpenMobileAPI2' on page 8 undefined on input line 326.



LaTeX Warning: Reference `fig:OpenMobileAPIArchitecture' on page 8 undefined on
 input line 334.


LaTeX Warning: File `graphics/OpenMobileAPIArchitecture.pdf' not found on input
 line 339.


! Package pdftex.def Error: File `graphics/OpenMobileAPIArchitecture.pdf' not f
ound.

See the pdftex.def package documentation for explanation.
Type  H <return>  for immediate help.
 ...                                              
                                                  
l.339 ...]{graphics/OpenMobileAPIArchitecture.pdf}
                                                  
Using draft setting for this image.
Try typing  <return>  to proceed.
If that doesn't work, type  X <return>  to quit.

[8]

LaTeX Warning: Citation `Documents' on page 9 undefined on input line 347.


LaTeX Warning: Citation `openid4java' on page 9 undefined on input line 348.

\SC=\skip53

LaTeX Warning: File `screenshots/01_UserEntersIdentifier.pdf' not found on inpu
t line 358.


! Package pdftex.def Error: File `screenshots/01_UserEntersIdentifier.pdf' not 
found.

See the pdftex.def package documentation for explanation.
Type  H <return>  for immediate help.
 ...                                              
                                                  
l.358 ...creenshots/01_UserEntersIdentifier.pdf}}}
                                                  \quad
Using draft setting for this image.
Try typing  <return>  to proceed.
If that doesn't work, type  X <return>  to quit.


LaTeX Warning: File `screenshots/02_pleaseUnlockDialog.pdf' not found on input 
line 359.


! Package pdftex.def Error: File `screenshots/02_pleaseUnlockDialog.pdf' not fo
und.

See the pdftex.def package documentation for explanation.
Type  H <return>  for immediate help.
 ...                                              
                                                  
l.359 ...{screenshots/02_pleaseUnlockDialog.pdf}}}
                                                   \quad
Using draft setting for this image.
Try typing  <return>  to proceed.
If that doesn't work, type  X <return>  to quit.


LaTeX Warning: File `screenshots/03_UserEntersPinCode.pdf' not found on input l
ine 360.


! Package pdftex.def Error: File `screenshots/03_UserEntersPinCode.pdf' not fou
nd.

See the pdftex.def package documentation for explanation.
Type  H <return>  for immediate help.
 ...                                              
                                                  
l.360 ...s{screenshots/03_UserEntersPinCode.pdf}}}
                                                   \quad
Using draft setting for this image.
Try typing  <return>  to proceed.
If that doesn't work, type  X <return>  to quit.


LaTeX Warning: File `screenshots/04_LoginConfirmationDialog.pdf' not found on i
nput line 361.


! Package pdftex.def Error: File `screenshots/04_LoginConfirmationDialog.pdf' n
ot found.

See the pdftex.def package documentation for explanation.
Type  H <return>  for immediate help.
 ...                                              
                                                  
l.361 ...enshots/04_LoginConfirmationDialog.pdf}}}
                                                   \\
Using draft setting for this image.
Try typing  <return>  to proceed.
If that doesn't work, type  X <return>  to quit.


LaTeX Warning: File `screenshots/05_AuthenticationOngoing.pdf' not found on inp
ut line 362.


! Package pdftex.def Error: File `screenshots/05_AuthenticationOngoing.pdf' not
 found.

See the pdftex.def package documentation for explanation.
Type  H <return>  for immediate help.
 ...                                              
                                                  
l.362 ...reenshots/05_AuthenticationOngoing.pdf}}}
                                                   \quad
Using draft setting for this image.
Try typing  <return>  to proceed.
If that doesn't work, type  X <return>  to quit.


LaTeX Warning: File `screenshots/06_UserLoggedIn.pdf' not found on input line 3
63.


! Package pdftex.def Error: File `screenshots/06_UserLoggedIn.pdf' not found.

See the pdftex.def package documentation for explanation.
Type  H <return>  for immediate help.
 ...                                              
                                                  
l.363 ...aphics{screenshots/06_UserLoggedIn.pdf}}}
                                                  \quad
Using draft setting for this image.
Try typing  <return>  to proceed.
If that doesn't work, type  X <return>  to quit.


LaTeX Warning: File `screenshots/07_UserProfilePage.pdf' not found on input lin
e 364.


! Package pdftex.def Error: File `screenshots/07_UserProfilePage.pdf' not found
.

See the pdftex.def package documentation for explanation.
Type  H <return>  for immediate help.
 ...                                              
                                                  
l.364 ...ics{screenshots/07_UserProfilePage.pdf}}}
                                                  
Using draft setting for this image.
Try typing  <return>  to proceed.
If that doesn't work, type  X <return>  to quit.


LaTeX Warning: Float too large for page by 4.09067pt on input line 367.


LaTeX Warning: Reference `fig:demoscreen' on page 9 undefined on input line 369
.


LaTeX Warning: Reference `fig:SmartOpenIDprotocol' on page 9 undefined on input
 line 377.

[9]

LaTeX Warning: Citation `rfc2898' on page 10 undefined on input line 389.


LaTeX Warning: Reference `PerformancePBKDF2Iteration' on page 10 undefined on i
nput line 391.


LaTeX Warning: Reference `fig:PerformanceSignature' on page 10 undefined on inp
ut line 391.


LaTeX Warning: File `graphics/PerformancePBKDF2Iteration.pdf' not found on inpu
t line 395.


! Package pdftex.def Error: File `graphics/PerformancePBKDF2Iteration.pdf' not 
found.

See the pdftex.def package documentation for explanation.
Type  H <return>  for immediate help.
 ...                                              
                                                  
l.395 ...{graphics/PerformancePBKDF2Iteration.pdf}
                                                  
Using draft setting for this image.
Try typing  <return>  to proceed.
If that doesn't work, type  X <return>  to quit.


LaTeX Warning: File `graphics/PerformanceSignature.pdf' not found on input line
 403.


! Package pdftex.def Error: File `graphics/PerformanceSignature.pdf' not found.


See the pdftex.def package documentation for explanation.
Type  H <return>  for immediate help.
 ...                                              
                                                  
l.403 ...width]{graphics/PerformanceSignature.pdf}
                                                  
Using draft setting for this image.
Try typing  <return>  to proceed.
If that doesn't work, type  X <return>  to quit.


LaTeX Warning: Citation `OpenIDsec' on page 10 undefined on input line 412.

[10]

LaTeX Warning: Citation `3gpp.33.924' on page 11 undefined on input line 429.


LaTeX Warning: Citation `Mauw2005' on page 11 undefined on input line 431.


LaTeX Warning: Reference `fig:AttackTree' on page 11 undefined on input line 43
1.


LaTeX Warning: File `graphics/AttackTree.pdf' not found on input line 434.


! Package pdftex.def Error: File `graphics/AttackTree.pdf' not found.

See the pdftex.def package documentation for explanation.
Type  H <return>  for immediate help.
 ...                                              
                                                  
l.434 ...=0.75\textwidth]{graphics/AttackTree.pdf}
                                                  
Using draft setting for this image.
Try typing  <return>  to proceed.
If that doesn't work, type  X <return>  to quit.


Underfull \vbox (badness 2158) has occurred while \output is active []

 [11]
Missing character: There is no â in font cmr9!
Missing character: There is no € in font cmr9!
Missing character: There is no “ in font cmr9!

[12]
Underfull \hbox (badness 10000) in paragraph at lines 645--650
[]\OT1/cmr/m/n/9 GSM As-so-ci-a-tion.  NFC Hand-set APIs & Re-quire-ments Ver-s
ion
 []


Underfull \hbox (badness 10000) in paragraph at lines 645--650
\OT1/cmr/m/n/9 2.0.  $\OT1/cmtt/m/n/9 http : / / www . gsma . com / mobilenfc /
 wp-[]content / uploads / 2012 / 03 /$
 []

[13] [14] [15] [16] [17] (D:\opc_ua\tex\Cardis_2012_Smart_OpenID.aux)

LaTeX Warning: There were undefined references.


LaTeX Warning: Label(s) may have changed. Rerun to get cross-references right.

 ) 
Here is how much of TeX's memory you used:
 3844 strings out of 493921
 54400 string characters out of 3144883
 124717 words of memory out of 3000000
 7090 multiletter control sequences out of 15000+200000
 11293 words of font info for 44 fonts, out of 3000000 for 9000
 841 hyphenation exceptions out of 8191
 44i,10n,47p,1201b,384s stack positions out of 5000i,500n,10000p,200000b,50000s
<C:/Program Files (x86)/MiKTeX 2.9/fonts/type1/public/amsfonts/cm/cmbx10.pfb>
<C:/Program Files (x86)/MiKTeX 2.9/fonts/type1/public/amsfonts/cm/cmbx12.pfb><C
:/Program Files (x86)/MiKTeX 2.9/fonts/type1/public/amsfonts/cm/cmbx9.pfb><C:/P
rogram Files (x86)/MiKTeX 2.9/fonts/type1/public/amsfonts/cm/cmmi10.pfb><C:/Pro
gram Files (x86)/MiKTeX 2.9/fonts/type1/public/amsfonts/cm/cmmi7.pfb><C:/Progra
m Files (x86)/MiKTeX 2.9/fonts/type1/public/amsfonts/cm/cmr10.pfb><C:/Program F
iles (x86)/MiKTeX 2.9/fonts/type1/public/amsfonts/cm/cmr6.pfb><C:/Program Files
 (x86)/MiKTeX 2.9/fonts/type1/public/amsfonts/cm/cmr7.pfb><C:/Program Files (x8
6)/MiKTeX 2.9/fonts/type1/public/amsfonts/cm/cmr9.pfb><C:/Program Files (x86)/M
iKTeX 2.9/fonts/type1/public/amsfonts/cm/cmti10.pfb><C:/Program Files (x86)/MiK
TeX 2.9/fonts/type1/public/amsfonts/cm/cmti9.pfb><C:/Program Files (x86)/MiKTeX
 2.9/fonts/type1/public/amsfonts/cm/cmtt10.pfb><C:/Program Files (x86)/MiKTeX 2
.9/fonts/type1/public/amsfonts/cm/cmtt9.pfb>
Output written on Cardis_2012_Smart_OpenID.pdf (17 pages, 219650 bytes).
PDF statistics:
 109 PDF objects out of 1000 (max. 8388607)
 0 named destinations out of 1000 (max. 500000)
 1 words of extra memory for PDF output out of 10000 (max. 10000000)

