\BOOKMARK [0][-]{chapter.1}{1 Introduction}{}% 1
\BOOKMARK [1][-]{section.1.1}{1.1 Motivation}{chapter.1}% 2
\BOOKMARK [1][-]{section.1.2}{1.2 Challenges}{chapter.1}% 3
\BOOKMARK [1][-]{section.1.3}{1.3 Solution Idea}{chapter.1}% 4
\BOOKMARK [1][-]{section.1.4}{1.4 Thesis Structure}{chapter.1}% 5
\BOOKMARK [0][-]{chapter.2}{2 Fundamentals}{}% 6
\BOOKMARK [1][-]{section.2.1}{2.1 OPC Unified Architecture Overview}{chapter.2}% 7
\BOOKMARK [2][-]{subsection.2.1.1}{2.1.1 OPC UA Specifications}{section.2.1}% 8
\BOOKMARK [2][-]{subsection.2.1.2}{2.1.2 OPC UA Client-Server Structure}{section.2.1}% 9
\BOOKMARK [2][-]{subsection.2.1.3}{2.1.3 OPC UA Terminologies}{section.2.1}% 10
\BOOKMARK [2][-]{subsection.2.1.4}{2.1.4 Standard OPC UA Server}{section.2.1}% 11
\BOOKMARK [2][-]{subsection.2.1.5}{2.1.5 Standard OPC UA Client}{section.2.1}% 12
\BOOKMARK [2][-]{subsection.2.1.6}{2.1.6 Secure Channel and Session}{section.2.1}% 13
\BOOKMARK [2][-]{subsection.2.1.7}{2.1.7 Security Handshake}{section.2.1}% 14
\BOOKMARK [2][-]{subsection.2.1.8}{2.1.8 OPC UA Communication stack}{section.2.1}% 15
\BOOKMARK [2][-]{subsection.2.1.9}{2.1.9 Other Competitor}{section.2.1}% 16
\BOOKMARK [1][-]{section.2.2}{2.2 Smart Card}{chapter.2}% 17
\BOOKMARK [2][-]{subsection.2.2.1}{2.2.1 Overview}{section.2.2}% 18
\BOOKMARK [2][-]{subsection.2.2.2}{2.2.2 Universal Integrated Circuit Card}{section.2.2}% 19
\BOOKMARK [2][-]{subsection.2.2.3}{2.2.3 Smart Card Software Components}{section.2.2}% 20
\BOOKMARK [2][-]{subsection.2.2.4}{2.2.4 Smart Card File Management}{section.2.2}% 21
\BOOKMARK [2][-]{subsection.2.2.5}{2.2.5 Data Exchange with Smart Card}{section.2.2}% 22
\BOOKMARK [2][-]{subsection.2.2.6}{2.2.6 Secure Messaging}{section.2.2}% 23
\BOOKMARK [2][-]{subsection.2.2.7}{2.2.7 Life Cycle}{section.2.2}% 24
\BOOKMARK [2][-]{subsection.2.2.8}{2.2.8 Conclusion}{section.2.2}% 25
\BOOKMARK [1][-]{section.2.3}{2.3 Java Card}{chapter.2}% 26
\BOOKMARK [2][-]{subsection.2.3.1}{2.3.1 Language Specification}{section.2.3}% 27
\BOOKMARK [2][-]{subsection.2.3.2}{2.3.2 Transaction Integrity}{section.2.3}% 28
\BOOKMARK [2][-]{subsection.2.3.3}{2.3.3 Persistent Object and Transient Object}{section.2.3}% 29
\BOOKMARK [2][-]{subsection.2.3.4}{2.3.4 Java Card Applet}{section.2.3}% 30
\BOOKMARK [2][-]{subsection.2.3.5}{2.3.5 Java Card Cryptography}{section.2.3}% 31
\BOOKMARK [2][-]{subsection.2.3.6}{2.3.6 Conclusion}{section.2.3}% 32
\BOOKMARK [1][-]{section.2.4}{2.4 GlobalPlatform and Remote Application/File Management}{chapter.2}% 33
\BOOKMARK [2][-]{subsection.2.4.1}{2.4.1 OPEN - GlobalPlatform Environment}{section.2.4}% 34
\BOOKMARK [2][-]{subsection.2.4.2}{2.4.2 Conclusion}{section.2.4}% 35
\BOOKMARK [1][-]{section.2.5}{2.5 OpenMobileAPI}{chapter.2}% 36
\BOOKMARK [1][-]{section.2.6}{2.6 Android}{chapter.2}% 37
\BOOKMARK [2][-]{subsection.2.6.1}{2.6.1 Overview}{section.2.6}% 38
\BOOKMARK [2][-]{subsection.2.6.2}{2.6.2 Android Software Stack}{section.2.6}% 39
\BOOKMARK [2][-]{subsection.2.6.3}{2.6.3 Android, Dalvik and Java}{section.2.6}% 40
\BOOKMARK [2][-]{subsection.2.6.4}{2.6.4 Android Application Overview}{section.2.6}% 41
\BOOKMARK [2][-]{subsection.2.6.5}{2.6.5 Intent}{section.2.6}% 42
\BOOKMARK [1][-]{section.2.7}{2.7 Conclusion}{chapter.2}% 43
\BOOKMARK [0][-]{chapter.3}{3 State of Art}{}% 44
\BOOKMARK [1][-]{section.3.1}{3.1 Smart Home Research}{chapter.3}% 45
\BOOKMARK [2][-]{subsection.3.1.1}{3.1.1 Overview}{section.3.1}% 46
\BOOKMARK [2][-]{subsection.3.1.2}{3.1.2 Smart Home Optimized for Energy Services}{section.3.1}% 47
\BOOKMARK [2][-]{subsection.3.1.3}{3.1.3 Smart Health Home}{section.3.1}% 48
\BOOKMARK [2][-]{subsection.3.1.4}{3.1.4 Agent-based Smart Home}{section.3.1}% 49
\BOOKMARK [2][-]{subsection.3.1.5}{3.1.5 Conclusion}{section.3.1}% 50
\BOOKMARK [1][-]{section.3.2}{3.2 OPC UA Application and Security Policy}{chapter.3}% 51
\BOOKMARK [2][-]{subsection.3.2.1}{3.2.1 OPC UA Applications}{section.3.2}% 52
\BOOKMARK [2][-]{subsection.3.2.2}{3.2.2 OPC UA Secure Policy}{section.3.2}% 53
\BOOKMARK [2][-]{subsection.3.2.3}{3.2.3 OPC UA Secure Consideration}{section.3.2}% 54
\BOOKMARK [2][-]{subsection.3.2.4}{3.2.4 Conclusion}{section.3.2}% 55
\BOOKMARK [1][-]{section.3.3}{3.3 Smart Card Security}{chapter.3}% 56
\BOOKMARK [2][-]{subsection.3.3.1}{3.3.1 Smart Card in Access Control Management}{section.3.3}% 57
\BOOKMARK [2][-]{subsection.3.3.2}{3.3.2 Smart Card Key Management Mechanism}{section.3.3}% 58
\BOOKMARK [2][-]{subsection.3.3.3}{3.3.3 Threatens and Countermeasures}{section.3.3}% 59
\BOOKMARK [2][-]{subsection.3.3.4}{3.3.4 Smart Card Secure Applications}{section.3.3}% 60
\BOOKMARK [2][-]{subsection.3.3.5}{3.3.5 Conclusion}{section.3.3}% 61
\BOOKMARK [1][-]{section.3.4}{3.4 Secure Android Design}{chapter.3}% 62
\BOOKMARK [2][-]{subsection.3.4.1}{3.4.1 Android Security Mechanism}{section.3.4}% 63
\BOOKMARK [2][-]{subsection.3.4.2}{3.4.2 Security Design Guide-Lines}{section.3.4}% 64
\BOOKMARK [2][-]{subsection.3.4.3}{3.4.3 Conclusion}{section.3.4}% 65
\BOOKMARK [1][-]{section.3.5}{3.5 Embedded System Secure Design}{chapter.3}% 66
\BOOKMARK [2][-]{subsection.3.5.1}{3.5.1 Overview}{section.3.5}% 67
\BOOKMARK [2][-]{subsection.3.5.2}{3.5.2 Embedded System Security Requirements}{section.3.5}% 68
\BOOKMARK [2][-]{subsection.3.5.3}{3.5.3 Software Security during Software Design Life Cycle}{section.3.5}% 69
\BOOKMARK [2][-]{subsection.3.5.4}{3.5.4 Secure Architectures}{section.3.5}% 70
\BOOKMARK [1][-]{section.3.6}{3.6 Conclusion}{chapter.3}% 71
\BOOKMARK [0][-]{chapter.4}{4 Implementation Scenario}{}% 72
\BOOKMARK [1][-]{section.4.1}{4.1 Overview}{chapter.4}% 73
\BOOKMARK [1][-]{section.4.2}{4.2 Component Structure}{chapter.4}% 74
\BOOKMARK [1][-]{section.4.3}{4.3 Communication Flow}{chapter.4}% 75
\BOOKMARK [2][-]{subsection.4.3.1}{4.3.1 CommunicationStack Applet}{section.4.3}% 76
\BOOKMARK [2][-]{subsection.4.3.2}{4.3.2 OPC UA Application Functionalities}{section.4.3}% 77
\BOOKMARK [2][-]{subsection.4.3.3}{4.3.3 Cell Phone Component Software Structure}{section.4.3}% 78
\BOOKMARK [2][-]{subsection.4.3.4}{4.3.4 Housing Device Component Software Structure}{section.4.3}% 79
\BOOKMARK [2][-]{subsection.4.3.5}{4.3.5 Implementation Tool Support}{section.4.3}% 80
\BOOKMARK [1][-]{section.4.4}{4.4 Conclusion}{chapter.4}% 81
\BOOKMARK [0][-]{chapter.5}{5 System Design}{}% 82
\BOOKMARK [1][-]{section.5.1}{5.1 UICC Applet}{chapter.5}% 83
\BOOKMARK [2][-]{subsection.5.1.1}{5.1.1 Overview}{section.5.1}% 84
\BOOKMARK [2][-]{subsection.5.1.2}{5.1.2 Work Flow}{section.5.1}% 85
\BOOKMARK [2][-]{subsection.5.1.3}{5.1.3 Commands: Interface between Applet and CAD}{section.5.1}% 86
\BOOKMARK [2][-]{subsection.5.1.4}{5.1.4 Classes}{section.5.1}% 87
\BOOKMARK [1][-]{section.5.2}{5.2 Android Application}{chapter.5}% 88
\BOOKMARK [2][-]{subsection.5.2.1}{5.2.1 Utility Classes}{section.5.2}% 89
\BOOKMARK [2][-]{subsection.5.2.2}{5.2.2 Layout}{section.5.2}% 90
\BOOKMARK [2][-]{subsection.5.2.3}{5.2.3 Activity Classes}{section.5.2}% 91
\BOOKMARK [1][-]{section.5.3}{5.3 Smart Home Web Server}{chapter.5}% 92
\BOOKMARK [1][-]{section.5.4}{5.4 Conclusion}{chapter.5}% 93
\BOOKMARK [0][-]{chapter.6}{6 Implementation Test}{}% 94
\BOOKMARK [1][-]{section.6.1}{6.1 Javacard Applet and Remote Administrator Server Tests}{chapter.6}% 95
\BOOKMARK [2][-]{subsection.6.1.1}{6.1.1 UTE Test Cases}{section.6.1}% 96
\BOOKMARK [1][-]{section.6.2}{6.2 Android Application Tests}{chapter.6}% 97
\BOOKMARK [2][-]{subsection.6.2.1}{6.2.1 PIN Verification}{section.6.2}% 98
\BOOKMARK [2][-]{subsection.6.2.2}{6.2.2 Communication with Web Server}{section.6.2}% 99
\BOOKMARK [1][-]{section.6.3}{6.3 Conclusion}{chapter.6}% 100
\BOOKMARK [0][-]{chapter.7}{7 System Security Analysis}{}% 101
\BOOKMARK [1][-]{section.7.1}{7.1 Attack Tree Overview}{chapter.7}% 102
\BOOKMARK [1][-]{section.7.2}{7.2 Smart Card Security Compromise}{chapter.7}% 103
\BOOKMARK [2][-]{subsection.7.2.1}{7.2.1 Sub Attack Tree and its Content}{section.7.2}% 104
\BOOKMARK [2][-]{subsection.7.2.2}{7.2.2 Analysis and Countermeasures}{section.7.2}% 105
\BOOKMARK [1][-]{section.7.3}{7.3 OPC UA Application Level Security Compromise}{chapter.7}% 106
\BOOKMARK [2][-]{subsection.7.3.1}{7.3.1 Sub Attack Tree and its Content}{section.7.3}% 107
\BOOKMARK [2][-]{subsection.7.3.2}{7.3.2 Analysis and Countermeasures}{section.7.3}% 108
\BOOKMARK [1][-]{section.7.4}{7.4 Conclusion}{chapter.7}% 109
\BOOKMARK [0][-]{chapter.8}{8 Summary and Future Work}{}% 110
\BOOKMARK [0][-]{chapter*.137}{Bibliography}{}% 111
